c:\users\jrope\onedrive - abertay university\documents\fork\fsmvsfuzzycar\fsmvsfuzzycar\fsmvsfuzzycar\x64\debug\vc142.pdb
c:\users\jrope\onedrive - abertay university\documents\fork\fsmvsfuzzycar\fsmvsfuzzycar\fsmvsfuzzycar\x64\debug\vc142.idb
c:\users\jrope\onedrive - abertay university\documents\fork\fsmvsfuzzycar\fsmvsfuzzycar\fsmvsfuzzycar\x64\debug\roadline.obj
c:\users\jrope\onedrive - abertay university\documents\fork\fsmvsfuzzycar\fsmvsfuzzycar\fsmvsfuzzycar\x64\debug\racetrack.obj
c:\users\jrope\onedrive - abertay university\documents\fork\fsmvsfuzzycar\fsmvsfuzzycar\fsmvsfuzzycar\x64\debug\main.obj
c:\users\jrope\onedrive - abertay university\documents\fork\fsmvsfuzzycar\fsmvsfuzzycar\fsmvsfuzzycar\x64\debug\carfuzzy.obj
c:\users\jrope\onedrive - abertay university\documents\fork\fsmvsfuzzycar\fsmvsfuzzycar\fsmvsfuzzycar\x64\debug\carfsm.obj
c:\users\jrope\onedrive - abertay university\documents\fork\fsmvsfuzzycar\fsmvsfuzzycar\x64\debug\fsmvsfuzzycar.exe
c:\users\jrope\onedrive - abertay university\documents\fork\fsmvsfuzzycar\fsmvsfuzzycar\fsmvsfuzzycar\x64\debug\fsmvsfuzzycar.ilk
c:\users\jrope\onedrive - abertay university\documents\fork\fsmvsfuzzycar\fsmvsfuzzycar\x64\debug\fsmvsfuzzycar.pdb
c:\users\jrope\onedrive - abertay university\documents\fork\fsmvsfuzzycar\fsmvsfuzzycar\fsmvsfuzzycar\x64\debug\imgui-sfml.obj
c:\users\jrope\onedrive - abertay university\documents\fork\fsmvsfuzzycar\fsmvsfuzzycar\fsmvsfuzzycar\x64\debug\imgui.obj
c:\users\jrope\onedrive - abertay university\documents\fork\fsmvsfuzzycar\fsmvsfuzzycar\fsmvsfuzzycar\x64\debug\imgui_draw.obj
c:\users\jrope\onedrive - abertay university\documents\fork\fsmvsfuzzycar\fsmvsfuzzycar\fsmvsfuzzycar\x64\debug\imgui_tables.obj
c:\users\jrope\onedrive - abertay university\documents\fork\fsmvsfuzzycar\fsmvsfuzzycar\fsmvsfuzzycar\x64\debug\imgui_widgets.obj
c:\users\jrope\onedrive - abertay university\documents\fork\fsmvsfuzzycar\fsmvsfuzzycar\x64\debug\fsmvsfuzzycar.ilk
c:\users\jrope\onedrive - abertay university\documents\fork\fsmvsfuzzycar\fsmvsfuzzycar\fsmvsfuzzycar\x64\debug\fsmvsfuzzycar.tlog\cl.command.1.tlog
c:\users\jrope\onedrive - abertay university\documents\fork\fsmvsfuzzycar\fsmvsfuzzycar\fsmvsfuzzycar\x64\debug\fsmvsfuzzycar.tlog\cl.read.1.tlog
c:\users\jrope\onedrive - abertay university\documents\fork\fsmvsfuzzycar\fsmvsfuzzycar\fsmvsfuzzycar\x64\debug\fsmvsfuzzycar.tlog\cl.write.1.tlog
c:\users\jrope\onedrive - abertay university\documents\fork\fsmvsfuzzycar\fsmvsfuzzycar\fsmvsfuzzycar\x64\debug\fsmvsfuzzycar.tlog\link.command.1.tlog
c:\users\jrope\onedrive - abertay university\documents\fork\fsmvsfuzzycar\fsmvsfuzzycar\fsmvsfuzzycar\x64\debug\fsmvsfuzzycar.tlog\link.read.1.tlog
c:\users\jrope\onedrive - abertay university\documents\fork\fsmvsfuzzycar\fsmvsfuzzycar\fsmvsfuzzycar\x64\debug\fsmvsfuzzycar.tlog\link.write.1.tlog
